<?xml version="1.0" encoding="UTF-8"?>
<!-- Generated by org.testng.reporters.JUnitXMLReporter -->
<testsuite hostname="IFM-WKS09" ignored="0" name="bootcamp" tests="4" failures="0" timestamp="27 Dec 2017 12:56:38 GMT" time="8.632" errors="0">
  <testcase name="printProduct" time="0.01" classname="exercises.AboutMethods"/>
  <testcase name="printProductTwo" time="0.0" classname="exercises.AboutMethods"/>
  <testcase name="logInSuccessFull" time="8.586" classname="exercises.FirstSeleniumTest"/>
  <testcase name="printText" time="0.001" classname="exercises.HelloWorldTest"/>
</testsuite> <!-- bootcamp -->
